<?xml version="1.0" encoding="UTF-8"?>
<!-- Generated by org.testng.reporters.JUnitXMLReporter -->
<testsuite hostname="Lenovo-PC" ignored="0" name="Default test" tests="6" failures="0" timestamp="22 дек 2017 02:35:11 GMT" time="7.415" errors="0">
  <testcase name="addDriverTest" time="0.006" classname="testS.DataBaseTest"/>
  <testcase name="deleteCarByNumberTest" time="0.001" classname="testS.DataBaseTest"/>
  <testcase name="getCarInsuranceTest" time="0.001" classname="testS.DataBaseTest"/>
  <testcase name="getInsuranceTest" time="0.0" classname="testS.DataBaseTest"/>
  <testcase name="setAndGetDataBaseTest" time="0.002" classname="testS.DataBaseTest"/>
  <testcase name="updateDriverTest" time="0.001" classname="testS.DataBaseTest"/>
</testsuite> <!-- Default test -->
